[01:46:27] [modloading-worker-2/INFO] Registered plugin provider DefaultPlugin [roughlyenoughitems] for REIServerPlugin
[01:46:27] [modloading-worker-2/INFO] Registered plugin provider DefaultPlugin [roughlyenoughitems] for REIPlugin
[01:46:27] [modloading-worker-2/INFO] Registered plugin provider DefaultRuntimePlugin [roughlyenoughitems] for REIServerPlugin
[01:46:27] [modloading-worker-2/INFO] Registered plugin provider DefaultRuntimePlugin [roughlyenoughitems] for REIPlugin
[01:46:27] [modloading-worker-2/INFO] Registered plugin provider JEIExtraPlugin [roughlyenoughitems] for REIServerPlugin
[01:46:27] [modloading-worker-2/INFO] Registered plugin provider JEIExtraPlugin [roughlyenoughitems] for REIPlugin
[01:47:15] [Worker-Main-5/DEBUG] [START] Reloading Section: "pre-register/"
[01:47:15] [Worker-Main-5/DEBUG] [START] Reloading Section: "pre-register/DefaultPlugin [roughlyenoughitems]/"
[01:47:15] [Worker-Main-5/DEBUG] [START] Reloading Section: "pre-register/DefaultPlugin [roughlyenoughitems]/" done in 1.611 ms
[01:47:15] [Worker-Main-5/DEBUG] [START] Reloading Section: "pre-register/JEIExtraPlugin [roughlyenoughitems]/"
[01:47:15] [Worker-Main-5/DEBUG] [START] Reloading Section: "pre-register/JEIExtraPlugin [roughlyenoughitems]/" done in 22.89 μs
[01:47:15] [Worker-Main-5/DEBUG] [START] Reloading Section: "pre-register/DefaultRuntimePlugin [roughlyenoughitems]/"
[01:47:15] [Worker-Main-5/DEBUG] [START] Reloading Section: "pre-register/DefaultRuntimePlugin [roughlyenoughitems]/" done in 21.31 μs
[01:47:15] [Worker-Main-5/DEBUG] [START] Reloading Section: "pre-register/" done in 37.74 ms
[01:47:15] [Worker-Main-5/DEBUG] [START] Reloading Section: "pre-register/"
[01:47:15] [Worker-Main-5/DEBUG] [START] Reloading Section: "pre-register/DefaultPlugin [roughlyenoughitems]/"
[01:47:15] [Worker-Main-5/DEBUG] [START] Reloading Section: "pre-register/DefaultPlugin [roughlyenoughitems]/" done in 23.53 μs
[01:47:15] [Worker-Main-5/DEBUG] [START] Reloading Section: "pre-register/JEIExtraPlugin [roughlyenoughitems]/"
[01:47:15] [Worker-Main-5/DEBUG] [START] Reloading Section: "pre-register/JEIExtraPlugin [roughlyenoughitems]/" done in 9.608 μs
[01:47:15] [Worker-Main-5/DEBUG] [START] Reloading Section: "pre-register/DefaultRuntimePlugin [roughlyenoughitems]/"
[01:47:15] [Worker-Main-5/DEBUG] [START] Reloading Section: "pre-register/DefaultRuntimePlugin [roughlyenoughitems]/" done in 9.297 μs
[01:47:15] [Worker-Main-5/DEBUG] [START] Reloading Section: "pre-register/" done in 775.8 μs
[01:47:15] [Worker-Main-5/DEBUG] [START] Reloading Section: "start-reload/"
[01:47:15] [Worker-Main-5/DEBUG] [START] Reloading Section: "start-reload/EntryTypeRegistryImpl/"
[01:47:15] [Worker-Main-5/DEBUG] [START] Reloading Section: "start-reload/EntryTypeRegistryImpl/" done in 231.0 μs
[01:47:15] [Worker-Main-5/DEBUG] [START] Reloading Section: "start-reload/EntrySettingsAdapterRegistryImpl/"
[01:47:15] [Worker-Main-5/DEBUG] [START] Reloading Section: "start-reload/EntrySettingsAdapterRegistryImpl/" done in 30.59 μs
[01:47:15] [Worker-Main-5/DEBUG] [START] Reloading Section: "start-reload/RecipeManagerContextImpl/"
[01:47:15] [Worker-Main-5/DEBUG] [START] Reloading Section: "start-reload/RecipeManagerContextImpl/" done in 8.246 μs
[01:47:15] [Worker-Main-5/DEBUG] [START] Reloading Section: "start-reload/ItemComparatorRegistryImpl/"
[01:47:15] [Worker-Main-5/DEBUG] [START] Reloading Section: "start-reload/ItemComparatorRegistryImpl/" done in 28.57 μs
[01:47:15] [Worker-Main-5/DEBUG] [START] Reloading Section: "start-reload/FluidComparatorRegistryImpl/"
[01:47:15] [Worker-Main-5/DEBUG] [START] Reloading Section: "start-reload/FluidComparatorRegistryImpl/" done in 12.14 μs
[01:47:15] [Worker-Main-5/DEBUG] [START] Reloading Section: "start-reload/DisplaySerializerRegistryImpl/"
[01:47:15] [Worker-Main-5/DEBUG] [START] Reloading Section: "start-reload/DisplaySerializerRegistryImpl/" done in 9.328 μs
[01:47:15] [Worker-Main-5/DEBUG] [START] Reloading Section: "start-reload/FluidSupportProviderImpl/"
[01:47:15] [Worker-Main-5/DEBUG] [START] Reloading Section: "start-reload/FluidSupportProviderImpl/" done in 22.96 μs
[01:47:15] [Worker-Main-5/DEBUG] [START] Reloading Section: "start-reload/" done in 2.058 ms
[01:47:15] [Worker-Main-5/INFO] Reloading Plugin Manager [REIPlugin] stage [START], registered 3 plugins: DefaultRuntimePlugin [roughlyenoughitems], JEIExtraPlugin [roughlyenoughitems], DefaultPlugin [roughlyenoughitems]
[01:47:15] [Worker-Main-5/DEBUG] [START] Reloading Section: "reloadable-plugin/EntryTypeRegistryImpl/"
[01:47:15] [Worker-Main-5/DEBUG] [START] Reloading Section: "reloadable-plugin/EntryTypeRegistryImpl/DefaultPlugin [roughlyenoughitems]/"
[01:47:15] [Worker-Main-5/DEBUG] [START] Reloading Section: "reloadable-plugin/EntryTypeRegistryImpl/DefaultPlugin [roughlyenoughitems]/" done in 36.60 μs
[01:47:15] [Worker-Main-5/DEBUG] [START] Reloading Section: "reloadable-plugin/EntryTypeRegistryImpl/JEIExtraPlugin [roughlyenoughitems]/"
[01:47:15] [Worker-Main-5/DEBUG] [START] Reloading Section: "reloadable-plugin/EntryTypeRegistryImpl/JEIExtraPlugin [roughlyenoughitems]/" done in 32.30 μs
[01:47:15] [Worker-Main-5/DEBUG] [START] Reloading Section: "reloadable-plugin/EntryTypeRegistryImpl/DefaultRuntimePlugin [roughlyenoughitems]/"
[01:47:15] [Worker-Main-5/DEBUG] [START] Reloading Section: "reloadable-plugin/EntryTypeRegistryImpl/DefaultRuntimePlugin [roughlyenoughitems]/" done in 24.42 ms
[01:47:15] [Worker-Main-5/DEBUG] [START] Reloading Section: "reloadable-plugin/EntryTypeRegistryImpl/" done in 25.59 ms
[01:47:15] [Worker-Main-5/DEBUG] [START] Reloading Section: "reloadable-plugin/EntrySettingsAdapterRegistryImpl/"
[01:47:15] [Worker-Main-5/DEBUG] [START] Reloading Section: "reloadable-plugin/EntrySettingsAdapterRegistryImpl/DefaultPlugin [roughlyenoughitems]/"
[01:47:15] [Worker-Main-5/DEBUG] [START] Reloading Section: "reloadable-plugin/EntrySettingsAdapterRegistryImpl/DefaultPlugin [roughlyenoughitems]/" done in 16.61 μs
[01:47:15] [Worker-Main-5/DEBUG] [START] Reloading Section: "reloadable-plugin/EntrySettingsAdapterRegistryImpl/JEIExtraPlugin [roughlyenoughitems]/"
[01:47:15] [Worker-Main-5/DEBUG] [START] Reloading Section: "reloadable-plugin/EntrySettingsAdapterRegistryImpl/JEIExtraPlugin [roughlyenoughitems]/" done in 15.48 μs
[01:47:15] [Worker-Main-5/DEBUG] [START] Reloading Section: "reloadable-plugin/EntrySettingsAdapterRegistryImpl/DefaultRuntimePlugin [roughlyenoughitems]/"
[01:47:15] [Worker-Main-5/DEBUG] [START] Reloading Section: "reloadable-plugin/EntrySettingsAdapterRegistryImpl/DefaultRuntimePlugin [roughlyenoughitems]/" done in 12.98 μs
[01:47:15] [Worker-Main-5/DEBUG] [START] Reloading Section: "reloadable-plugin/EntrySettingsAdapterRegistryImpl/" done in 785.0 μs
[01:47:15] [Worker-Main-5/DEBUG] [START] Reloading Section: "reloadable-plugin/RecipeManagerContextImpl/"
[01:47:15] [Worker-Main-5/DEBUG] [START] Reloading Section: "reloadable-plugin/RecipeManagerContextImpl/DefaultPlugin [roughlyenoughitems]/"
[01:47:15] [Worker-Main-5/DEBUG] [START] Reloading Section: "reloadable-plugin/RecipeManagerContextImpl/DefaultPlugin [roughlyenoughitems]/" done in 16.83 μs
[01:47:15] [Worker-Main-5/DEBUG] [START] Reloading Section: "reloadable-plugin/RecipeManagerContextImpl/JEIExtraPlugin [roughlyenoughitems]/"
[01:47:15] [Worker-Main-5/DEBUG] [START] Reloading Section: "reloadable-plugin/RecipeManagerContextImpl/JEIExtraPlugin [roughlyenoughitems]/" done in 13.49 μs
[01:47:15] [Worker-Main-5/DEBUG] [START] Reloading Section: "reloadable-plugin/RecipeManagerContextImpl/DefaultRuntimePlugin [roughlyenoughitems]/"
[01:47:15] [Worker-Main-5/DEBUG] [START] Reloading Section: "reloadable-plugin/RecipeManagerContextImpl/DefaultRuntimePlugin [roughlyenoughitems]/" done in 13.05 μs
[01:47:15] [Worker-Main-5/DEBUG] [START] Reloading Section: "reloadable-plugin/RecipeManagerContextImpl/" done in 776.4 μs
[01:47:15] [Worker-Main-5/DEBUG] [START] Reloading Section: "reloadable-plugin/ItemComparatorRegistryImpl/"
[01:47:15] [Worker-Main-5/DEBUG] [START] Reloading Section: "reloadable-plugin/ItemComparatorRegistryImpl/DefaultPlugin [roughlyenoughitems]/"
[01:47:15] [Worker-Main-5/DEBUG] [START] Reloading Section: "reloadable-plugin/ItemComparatorRegistryImpl/DefaultPlugin [roughlyenoughitems]/" done in 665.7 μs
[01:47:15] [Worker-Main-5/DEBUG] [START] Reloading Section: "reloadable-plugin/ItemComparatorRegistryImpl/JEIExtraPlugin [roughlyenoughitems]/"
[01:47:15] [Worker-Main-5/DEBUG] [START] Reloading Section: "reloadable-plugin/ItemComparatorRegistryImpl/JEIExtraPlugin [roughlyenoughitems]/" done in 15.27 μs
[01:47:15] [Worker-Main-5/DEBUG] [START] Reloading Section: "reloadable-plugin/ItemComparatorRegistryImpl/DefaultRuntimePlugin [roughlyenoughitems]/"
[01:47:15] [Worker-Main-5/DEBUG] [START] Reloading Section: "reloadable-plugin/ItemComparatorRegistryImpl/DefaultRuntimePlugin [roughlyenoughitems]/" done in 13.53 μs
[01:47:15] [Worker-Main-5/DEBUG] [START] Reloading Section: "reloadable-plugin/ItemComparatorRegistryImpl/" done in 1.500 ms
[01:47:15] [Worker-Main-5/DEBUG] [START] Reloading Section: "reloadable-plugin/FluidComparatorRegistryImpl/"
[01:47:15] [Worker-Main-5/DEBUG] [START] Reloading Section: "reloadable-plugin/FluidComparatorRegistryImpl/DefaultPlugin [roughlyenoughitems]/"
[01:47:15] [Worker-Main-5/DEBUG] [START] Reloading Section: "reloadable-plugin/FluidComparatorRegistryImpl/DefaultPlugin [roughlyenoughitems]/" done in 21.75 μs
[01:47:15] [Worker-Main-5/DEBUG] [START] Reloading Section: "reloadable-plugin/FluidComparatorRegistryImpl/JEIExtraPlugin [roughlyenoughitems]/"
[01:47:15] [Worker-Main-5/DEBUG] [START] Reloading Section: "reloadable-plugin/FluidComparatorRegistryImpl/JEIExtraPlugin [roughlyenoughitems]/" done in 12.95 μs
[01:47:15] [Worker-Main-5/DEBUG] [START] Reloading Section: "reloadable-plugin/FluidComparatorRegistryImpl/DefaultRuntimePlugin [roughlyenoughitems]/"
[01:47:15] [Worker-Main-5/DEBUG] [START] Reloading Section: "reloadable-plugin/FluidComparatorRegistryImpl/DefaultRuntimePlugin [roughlyenoughitems]/" done in 11.82 μs
[01:47:15] [Worker-Main-5/DEBUG] [START] Reloading Section: "reloadable-plugin/FluidComparatorRegistryImpl/" done in 727.0 μs
[01:47:15] [Worker-Main-5/DEBUG] [START] Reloading Section: "reloadable-plugin/DisplaySerializerRegistryImpl/"
[01:47:15] [Worker-Main-5/DEBUG] [START] Reloading Section: "reloadable-plugin/DisplaySerializerRegistryImpl/DefaultPlugin [roughlyenoughitems]/"
[01:47:15] [Worker-Main-5/DEBUG] [START] Reloading Section: "reloadable-plugin/DisplaySerializerRegistryImpl/DefaultPlugin [roughlyenoughitems]/" done in 10.52 μs
[01:47:15] [Worker-Main-5/DEBUG] [START] Reloading Section: "reloadable-plugin/DisplaySerializerRegistryImpl/JEIExtraPlugin [roughlyenoughitems]/"
[01:47:15] [Worker-Main-5/DEBUG] [START] Reloading Section: "reloadable-plugin/DisplaySerializerRegistryImpl/JEIExtraPlugin [roughlyenoughitems]/" done in 12.40 μs
[01:47:15] [Worker-Main-5/DEBUG] [START] Reloading Section: "reloadable-plugin/DisplaySerializerRegistryImpl/DefaultRuntimePlugin [roughlyenoughitems]/"
[01:47:15] [Worker-Main-5/DEBUG] [START] Reloading Section: "reloadable-plugin/DisplaySerializerRegistryImpl/DefaultRuntimePlugin [roughlyenoughitems]/" done in 12.18 μs
[01:47:15] [Worker-Main-5/DEBUG] [START] Reloading Section: "reloadable-plugin/DisplaySerializerRegistryImpl/" done in 586.2 μs
[01:47:15] [Worker-Main-5/DEBUG] [START] Reloading Section: "reloadable-plugin/FluidSupportProviderImpl/"
[01:47:15] [Worker-Main-5/DEBUG] [START] Reloading Section: "reloadable-plugin/FluidSupportProviderImpl/DefaultPlugin [roughlyenoughitems]/"
[01:47:15] [Worker-Main-5/DEBUG] [START] Reloading Section: "reloadable-plugin/FluidSupportProviderImpl/DefaultPlugin [roughlyenoughitems]/" done in 3.228 ms
[01:47:15] [Worker-Main-5/DEBUG] [START] Reloading Section: "reloadable-plugin/FluidSupportProviderImpl/JEIExtraPlugin [roughlyenoughitems]/"
[01:47:15] [Worker-Main-5/DEBUG] [START] Reloading Section: "reloadable-plugin/FluidSupportProviderImpl/JEIExtraPlugin [roughlyenoughitems]/" done in 13.82 μs
[01:47:15] [Worker-Main-5/DEBUG] [START] Reloading Section: "reloadable-plugin/FluidSupportProviderImpl/DefaultRuntimePlugin [roughlyenoughitems]/"
[01:47:15] [Worker-Main-5/DEBUG] [START] Reloading Section: "reloadable-plugin/FluidSupportProviderImpl/DefaultRuntimePlugin [roughlyenoughitems]/" done in 12.60 μs
[01:47:15] [Worker-Main-5/DEBUG] [START] Reloading Section: "reloadable-plugin/FluidSupportProviderImpl/" done in 3.975 ms
[01:47:15] [Worker-Main-5/DEBUG] [START] Reloading Section: "end-reload/"
[01:47:15] [Worker-Main-5/DEBUG] [START] Reloading Section: "end-reload/EntryTypeRegistryImpl/"
[01:47:15] [Worker-Main-5/DEBUG] [START] Reloading Section: "end-reload/EntryTypeRegistryImpl/" done in 13.44 μs
[01:47:15] [Worker-Main-5/DEBUG] [START] Reloading Section: "end-reload/EntrySettingsAdapterRegistryImpl/"
[01:47:15] [Worker-Main-5/DEBUG] [START] Reloading Section: "end-reload/EntrySettingsAdapterRegistryImpl/" done in 7.454 μs
[01:47:15] [Worker-Main-5/DEBUG] [START] Reloading Section: "end-reload/RecipeManagerContextImpl/"
[01:47:15] [Worker-Main-5/DEBUG] [START] Reloading Section: "end-reload/RecipeManagerContextImpl/" done in 7.053 μs
[01:47:15] [Worker-Main-5/DEBUG] [START] Reloading Section: "end-reload/ItemComparatorRegistryImpl/"
[01:47:15] [Worker-Main-5/DEBUG] [START] Reloading Section: "end-reload/ItemComparatorRegistryImpl/" done in 7.574 μs
[01:47:15] [Worker-Main-5/DEBUG] [START] Reloading Section: "end-reload/FluidComparatorRegistryImpl/"
[01:47:15] [Worker-Main-5/DEBUG] [START] Reloading Section: "end-reload/FluidComparatorRegistryImpl/" done in 7.414 μs
[01:47:15] [Worker-Main-5/DEBUG] [START] Reloading Section: "end-reload/DisplaySerializerRegistryImpl/"
[01:47:15] [Worker-Main-5/DEBUG] [START] Reloading Section: "end-reload/DisplaySerializerRegistryImpl/" done in 7.645 μs
[01:47:15] [Worker-Main-5/DEBUG] [START] Reloading Section: "end-reload/FluidSupportProviderImpl/"
[01:47:15] [Worker-Main-5/DEBUG] [START] Reloading Section: "end-reload/FluidSupportProviderImpl/" done in 7.785 μs
[01:47:15] [Worker-Main-5/DEBUG] [START] Reloading Section: "end-reload/" done in 1.504 ms
[01:47:15] [Worker-Main-5/INFO] Reloaded Plugin Manager [REIPlugin] with 2 entry types, 5 item comparators, 0 fluid comparators and 2 fluid support providers in 43ms.
[01:47:15] [Worker-Main-5/DEBUG] [START] Reloading Section: "start-reload/"
[01:47:15] [Worker-Main-5/DEBUG] [START] Reloading Section: "start-reload/MenuInfoRegistryImpl/"
[01:47:15] [Worker-Main-5/DEBUG] [START] Reloading Section: "start-reload/MenuInfoRegistryImpl/" done in 9.497 μs
[01:47:15] [Worker-Main-5/DEBUG] [START] Reloading Section: "start-reload/" done in 252.9 μs
[01:47:15] [Worker-Main-5/INFO] Reloading Plugin Manager [REIServerPlugin] stage [START], registered 3 plugins: DefaultRuntimePlugin [roughlyenoughitems], JEIExtraPlugin [roughlyenoughitems], DefaultPlugin [roughlyenoughitems]
[01:47:15] [Worker-Main-5/DEBUG] [START] Reloading Section: "reloadable-plugin/MenuInfoRegistryImpl/"
[01:47:15] [Worker-Main-5/DEBUG] [START] Reloading Section: "reloadable-plugin/MenuInfoRegistryImpl/DefaultPlugin [roughlyenoughitems]/"
[01:47:15] [Worker-Main-5/DEBUG] [START] Reloading Section: "reloadable-plugin/MenuInfoRegistryImpl/DefaultPlugin [roughlyenoughitems]/" done in 9.197 μs
[01:47:15] [Worker-Main-5/DEBUG] [START] Reloading Section: "reloadable-plugin/MenuInfoRegistryImpl/JEIExtraPlugin [roughlyenoughitems]/"
[01:47:15] [Worker-Main-5/DEBUG] [START] Reloading Section: "reloadable-plugin/MenuInfoRegistryImpl/JEIExtraPlugin [roughlyenoughitems]/" done in 9.007 μs
[01:47:15] [Worker-Main-5/DEBUG] [START] Reloading Section: "reloadable-plugin/MenuInfoRegistryImpl/DefaultRuntimePlugin [roughlyenoughitems]/"
[01:47:15] [Worker-Main-5/DEBUG] [START] Reloading Section: "reloadable-plugin/MenuInfoRegistryImpl/DefaultRuntimePlugin [roughlyenoughitems]/" done in 9.858 μs
[01:47:15] [Worker-Main-5/DEBUG] [START] Reloading Section: "reloadable-plugin/MenuInfoRegistryImpl/" done in 722.0 μs
[01:47:15] [Worker-Main-5/DEBUG] [START] Reloading Section: "end-reload/"
[01:47:15] [Worker-Main-5/DEBUG] [START] Reloading Section: "end-reload/MenuInfoRegistryImpl/"
[01:47:15] [Worker-Main-5/DEBUG] [START] Reloading Section: "end-reload/MenuInfoRegistryImpl/" done in 8.316 μs
[01:47:15] [Worker-Main-5/DEBUG] [START] Reloading Section: "end-reload/" done in 233.2 μs
[01:47:15] [Worker-Main-5/INFO] Reloaded Plugin Manager [REIServerPlugin] with 0 menu infos in 2ms.
[01:47:15] [Worker-Main-5/DEBUG] [START] Reloading Section: "post-register/"
[01:47:15] [Worker-Main-5/DEBUG] [START] Reloading Section: "post-register/DefaultPlugin [roughlyenoughitems]/"
[01:47:15] [Worker-Main-5/DEBUG] [START] Reloading Section: "post-register/DefaultPlugin [roughlyenoughitems]/" done in 20.76 μs
[01:47:15] [Worker-Main-5/DEBUG] [START] Reloading Section: "post-register/JEIExtraPlugin [roughlyenoughitems]/"
[01:47:15] [Worker-Main-5/DEBUG] [START] Reloading Section: "post-register/JEIExtraPlugin [roughlyenoughitems]/" done in 8.927 μs
[01:47:15] [Worker-Main-5/DEBUG] [START] Reloading Section: "post-register/DefaultRuntimePlugin [roughlyenoughitems]/"
[01:47:15] [Worker-Main-5/DEBUG] [START] Reloading Section: "post-register/DefaultRuntimePlugin [roughlyenoughitems]/" done in 8.766 μs
[01:47:15] [Worker-Main-5/DEBUG] [START] Reloading Section: "post-register/" done in 977.6 μs
[01:47:15] [Worker-Main-5/DEBUG] [START] Reloading Section: "post-register/"
[01:47:15] [Worker-Main-5/DEBUG] [START] Reloading Section: "post-register/DefaultPlugin [roughlyenoughitems]/"
[01:47:15] [Worker-Main-5/DEBUG] [START] Reloading Section: "post-register/DefaultPlugin [roughlyenoughitems]/" done in 8.266 μs
[01:47:15] [Worker-Main-5/DEBUG] [START] Reloading Section: "post-register/JEIExtraPlugin [roughlyenoughitems]/"
[01:47:15] [Worker-Main-5/DEBUG] [START] Reloading Section: "post-register/JEIExtraPlugin [roughlyenoughitems]/" done in 8.035 μs
[01:47:15] [Worker-Main-5/DEBUG] [START] Reloading Section: "post-register/DefaultRuntimePlugin [roughlyenoughitems]/"
[01:47:15] [Worker-Main-5/DEBUG] [START] Reloading Section: "post-register/DefaultRuntimePlugin [roughlyenoughitems]/" done in 25.33 μs
[01:47:15] [Worker-Main-5/DEBUG] [START] Reloading Section: "post-register/" done in 661.3 μs
[01:47:15] [Worker-Main-5/DEBUG] [END] Reloading Section: "pre-register/"
[01:47:15] [Worker-Main-5/DEBUG] [END] Reloading Section: "pre-register/DefaultPlugin [roughlyenoughitems]/"
[01:47:15] [Worker-Main-5/DEBUG] [END] Reloading Section: "pre-register/DefaultPlugin [roughlyenoughitems]/" done in 9.498 μs
[01:47:15] [Worker-Main-5/DEBUG] [END] Reloading Section: "pre-register/JEIExtraPlugin [roughlyenoughitems]/"
[01:47:15] [Worker-Main-5/DEBUG] [END] Reloading Section: "pre-register/JEIExtraPlugin [roughlyenoughitems]/" done in 7.705 μs
[01:47:15] [Worker-Main-5/DEBUG] [END] Reloading Section: "pre-register/DefaultRuntimePlugin [roughlyenoughitems]/"
[01:47:15] [Worker-Main-5/DEBUG] [END] Reloading Section: "pre-register/DefaultRuntimePlugin [roughlyenoughitems]/" done in 8.285 μs
[01:47:15] [Worker-Main-5/DEBUG] [END] Reloading Section: "pre-register/" done in 747.6 μs
[01:47:15] [Worker-Main-5/DEBUG] [END] Reloading Section: "pre-register/"
[01:47:15] [Worker-Main-5/DEBUG] [END] Reloading Section: "pre-register/DefaultPlugin [roughlyenoughitems]/"
[01:47:15] [Worker-Main-5/DEBUG] [END] Reloading Section: "pre-register/DefaultPlugin [roughlyenoughitems]/" done in 8.125 μs
[01:47:15] [Worker-Main-5/DEBUG] [END] Reloading Section: "pre-register/JEIExtraPlugin [roughlyenoughitems]/"
[01:47:15] [Worker-Main-5/DEBUG] [END] Reloading Section: "pre-register/JEIExtraPlugin [roughlyenoughitems]/" done in 7.143 μs
[01:47:15] [Worker-Main-5/DEBUG] [END] Reloading Section: "pre-register/DefaultRuntimePlugin [roughlyenoughitems]/"
[01:47:15] [Worker-Main-5/DEBUG] [END] Reloading Section: "pre-register/DefaultRuntimePlugin [roughlyenoughitems]/" done in 7.374 μs
[01:47:15] [Worker-Main-5/DEBUG] [END] Reloading Section: "pre-register/" done in 609.5 μs
[01:47:15] [Worker-Main-5/DEBUG] [END] Reloading Section: "start-reload/"
[01:47:15] [Worker-Main-5/DEBUG] [END] Reloading Section: "start-reload/EntryTypeRegistryImpl/"
[01:47:15] [Worker-Main-5/DEBUG] [END] Reloading Section: "start-reload/EntryTypeRegistryImpl/" done in 7.975 μs
[01:47:15] [Worker-Main-5/DEBUG] [END] Reloading Section: "start-reload/EntrySettingsAdapterRegistryImpl/"
[01:47:15] [Worker-Main-5/DEBUG] [END] Reloading Section: "start-reload/EntrySettingsAdapterRegistryImpl/" done in 16.91 μs
[01:47:15] [Worker-Main-5/DEBUG] [END] Reloading Section: "start-reload/RecipeManagerContextImpl/"
[01:47:15] [Worker-Main-5/DEBUG] [END] Reloading Section: "start-reload/RecipeManagerContextImpl/" done in 7.825 μs
[01:47:15] [Worker-Main-5/DEBUG] [END] Reloading Section: "start-reload/ItemComparatorRegistryImpl/"
[01:47:15] [Worker-Main-5/DEBUG] [END] Reloading Section: "start-reload/ItemComparatorRegistryImpl/" done in 23.74 μs
[01:47:15] [Worker-Main-5/DEBUG] [END] Reloading Section: "start-reload/FluidComparatorRegistryImpl/"
[01:47:15] [Worker-Main-5/DEBUG] [END] Reloading Section: "start-reload/FluidComparatorRegistryImpl/" done in 7.063 μs
[01:47:15] [Worker-Main-5/DEBUG] [END] Reloading Section: "start-reload/DisplaySerializerRegistryImpl/"
[01:47:15] [Worker-Main-5/DEBUG] [END] Reloading Section: "start-reload/DisplaySerializerRegistryImpl/" done in 14.44 μs
[01:47:15] [Worker-Main-5/DEBUG] [END] Reloading Section: "start-reload/FluidSupportProviderImpl/"
[01:47:15] [Worker-Main-5/DEBUG] [END] Reloading Section: "start-reload/FluidSupportProviderImpl/" done in 8.105 μs
[01:47:15] [Worker-Main-5/DEBUG] [END] Reloading Section: "start-reload/" done in 1.587 ms
[01:47:15] [Worker-Main-5/INFO] Reloading Plugin Manager [REIPlugin] stage [END], registered 3 plugins: DefaultRuntimePlugin [roughlyenoughitems], JEIExtraPlugin [roughlyenoughitems], DefaultPlugin [roughlyenoughitems]
[01:47:15] [Worker-Main-5/DEBUG] [END] Reloading Section: "reloadable-plugin/EntryTypeRegistryImpl/"
[01:47:15] [Worker-Main-5/DEBUG] [END] Reloading Section: "reloadable-plugin/EntryTypeRegistryImpl/DefaultPlugin [roughlyenoughitems]/"
[01:47:15] [Worker-Main-5/DEBUG] [END] Reloading Section: "reloadable-plugin/EntryTypeRegistryImpl/DefaultPlugin [roughlyenoughitems]/" done in 11.05 μs
[01:47:15] [Worker-Main-5/DEBUG] [END] Reloading Section: "reloadable-plugin/EntryTypeRegistryImpl/JEIExtraPlugin [roughlyenoughitems]/"
[01:47:15] [Worker-Main-5/DEBUG] [END] Reloading Section: "reloadable-plugin/EntryTypeRegistryImpl/JEIExtraPlugin [roughlyenoughitems]/" done in 11.46 μs
[01:47:15] [Worker-Main-5/DEBUG] [END] Reloading Section: "reloadable-plugin/EntryTypeRegistryImpl/DefaultRuntimePlugin [roughlyenoughitems]/"
[01:47:15] [Worker-Main-5/DEBUG] [END] Reloading Section: "reloadable-plugin/EntryTypeRegistryImpl/DefaultRuntimePlugin [roughlyenoughitems]/" done in 11.28 μs
[01:47:15] [Worker-Main-5/DEBUG] [END] Reloading Section: "reloadable-plugin/EntryTypeRegistryImpl/" done in 639.6 μs
[01:47:15] [Worker-Main-5/DEBUG] [END] Reloading Section: "reloadable-plugin/EntrySettingsAdapterRegistryImpl/"
[01:47:15] [Worker-Main-5/DEBUG] [END] Reloading Section: "reloadable-plugin/EntrySettingsAdapterRegistryImpl/DefaultPlugin [roughlyenoughitems]/"
[01:47:15] [Worker-Main-5/DEBUG] [END] Reloading Section: "reloadable-plugin/EntrySettingsAdapterRegistryImpl/DefaultPlugin [roughlyenoughitems]/" done in 18.93 μs
[01:47:15] [Worker-Main-5/DEBUG] [END] Reloading Section: "reloadable-plugin/EntrySettingsAdapterRegistryImpl/JEIExtraPlugin [roughlyenoughitems]/"
[01:47:15] [Worker-Main-5/DEBUG] [END] Reloading Section: "reloadable-plugin/EntrySettingsAdapterRegistryImpl/JEIExtraPlugin [roughlyenoughitems]/" done in 11.89 μs
[01:47:15] [Worker-Main-5/DEBUG] [END] Reloading Section: "reloadable-plugin/EntrySettingsAdapterRegistryImpl/DefaultRuntimePlugin [roughlyenoughitems]/"
[01:47:15] [Worker-Main-5/DEBUG] [END] Reloading Section: "reloadable-plugin/EntrySettingsAdapterRegistryImpl/DefaultRuntimePlugin [roughlyenoughitems]/" done in 11.58 μs
[01:47:15] [Worker-Main-5/DEBUG] [END] Reloading Section: "reloadable-plugin/EntrySettingsAdapterRegistryImpl/" done in 702.2 μs
[01:47:15] [Worker-Main-5/DEBUG] [END] Reloading Section: "reloadable-plugin/RecipeManagerContextImpl/"
[01:47:15] [Worker-Main-5/DEBUG] [END] Reloading Section: "reloadable-plugin/RecipeManagerContextImpl/DefaultPlugin [roughlyenoughitems]/"
[01:47:15] [Worker-Main-5/DEBUG] [END] Reloading Section: "reloadable-plugin/RecipeManagerContextImpl/DefaultPlugin [roughlyenoughitems]/" done in 12.50 μs
[01:47:15] [Worker-Main-5/DEBUG] [END] Reloading Section: "reloadable-plugin/RecipeManagerContextImpl/JEIExtraPlugin [roughlyenoughitems]/"
[01:47:15] [Worker-Main-5/DEBUG] [END] Reloading Section: "reloadable-plugin/RecipeManagerContextImpl/JEIExtraPlugin [roughlyenoughitems]/" done in 11.22 μs
[01:47:15] [Worker-Main-5/DEBUG] [END] Reloading Section: "reloadable-plugin/RecipeManagerContextImpl/DefaultRuntimePlugin [roughlyenoughitems]/"
[01:47:15] [Worker-Main-5/DEBUG] [END] Reloading Section: "reloadable-plugin/RecipeManagerContextImpl/DefaultRuntimePlugin [roughlyenoughitems]/" done in 12.58 μs
[01:47:15] [Worker-Main-5/DEBUG] [END] Reloading Section: "reloadable-plugin/RecipeManagerContextImpl/" done in 662.8 μs
[01:47:15] [Worker-Main-5/DEBUG] [END] Reloading Section: "reloadable-plugin/ItemComparatorRegistryImpl/"
[01:47:15] [Worker-Main-5/DEBUG] [END] Reloading Section: "reloadable-plugin/ItemComparatorRegistryImpl/DefaultPlugin [roughlyenoughitems]/"
[01:47:15] [Worker-Main-5/DEBUG] [END] Reloading Section: "reloadable-plugin/ItemComparatorRegistryImpl/DefaultPlugin [roughlyenoughitems]/" done in 11.81 μs
[01:47:15] [Worker-Main-5/DEBUG] [END] Reloading Section: "reloadable-plugin/ItemComparatorRegistryImpl/JEIExtraPlugin [roughlyenoughitems]/"
[01:47:15] [Worker-Main-5/DEBUG] [END] Reloading Section: "reloadable-plugin/ItemComparatorRegistryImpl/JEIExtraPlugin [roughlyenoughitems]/" done in 11.71 μs
[01:47:15] [Worker-Main-5/DEBUG] [END] Reloading Section: "reloadable-plugin/ItemComparatorRegistryImpl/DefaultRuntimePlugin [roughlyenoughitems]/"
[01:47:15] [Worker-Main-5/DEBUG] [END] Reloading Section: "reloadable-plugin/ItemComparatorRegistryImpl/DefaultRuntimePlugin [roughlyenoughitems]/" done in 11.05 μs
[01:47:15] [Worker-Main-5/DEBUG] [END] Reloading Section: "reloadable-plugin/ItemComparatorRegistryImpl/" done in 699.2 μs
[01:47:15] [Worker-Main-5/DEBUG] [END] Reloading Section: "reloadable-plugin/FluidComparatorRegistryImpl/"
[01:47:15] [Worker-Main-5/DEBUG] [END] Reloading Section: "reloadable-plugin/FluidComparatorRegistryImpl/DefaultPlugin [roughlyenoughitems]/"
[01:47:15] [Worker-Main-5/DEBUG] [END] Reloading Section: "reloadable-plugin/FluidComparatorRegistryImpl/DefaultPlugin [roughlyenoughitems]/" done in 10.97 μs
[01:47:15] [Worker-Main-5/DEBUG] [END] Reloading Section: "reloadable-plugin/FluidComparatorRegistryImpl/JEIExtraPlugin [roughlyenoughitems]/"
[01:47:15] [Worker-Main-5/DEBUG] [END] Reloading Section: "reloadable-plugin/FluidComparatorRegistryImpl/JEIExtraPlugin [roughlyenoughitems]/" done in 11.43 μs
[01:47:15] [Worker-Main-5/DEBUG] [END] Reloading Section: "reloadable-plugin/FluidComparatorRegistryImpl/DefaultRuntimePlugin [roughlyenoughitems]/"
[01:47:15] [Worker-Main-5/DEBUG] [END] Reloading Section: "reloadable-plugin/FluidComparatorRegistryImpl/DefaultRuntimePlugin [roughlyenoughitems]/" done in 11.09 μs
[01:47:15] [Worker-Main-5/DEBUG] [END] Reloading Section: "reloadable-plugin/FluidComparatorRegistryImpl/" done in 688.8 μs
[01:47:15] [Worker-Main-5/DEBUG] [END] Reloading Section: "reloadable-plugin/DisplaySerializerRegistryImpl/"
[01:47:15] [Worker-Main-5/DEBUG] [END] Reloading Section: "reloadable-plugin/DisplaySerializerRegistryImpl/DefaultPlugin [roughlyenoughitems]/"
[01:47:15] [Worker-Main-5/DEBUG] [END] Reloading Section: "reloadable-plugin/DisplaySerializerRegistryImpl/DefaultPlugin [roughlyenoughitems]/" done in 59.04 ms
[01:47:15] [Worker-Main-5/DEBUG] [END] Reloading Section: "reloadable-plugin/DisplaySerializerRegistryImpl/JEIExtraPlugin [roughlyenoughitems]/"
[01:47:15] [Worker-Main-5/DEBUG] [END] Reloading Section: "reloadable-plugin/DisplaySerializerRegistryImpl/JEIExtraPlugin [roughlyenoughitems]/" done in 16.59 μs
[01:47:15] [Worker-Main-5/DEBUG] [END] Reloading Section: "reloadable-plugin/DisplaySerializerRegistryImpl/DefaultRuntimePlugin [roughlyenoughitems]/"
[01:47:15] [Worker-Main-5/DEBUG] [END] Reloading Section: "reloadable-plugin/DisplaySerializerRegistryImpl/DefaultRuntimePlugin [roughlyenoughitems]/" done in 10.87 μs
[01:47:15] [Worker-Main-5/DEBUG] [END] Reloading Section: "reloadable-plugin/DisplaySerializerRegistryImpl/" done in 59.93 ms
[01:47:15] [Worker-Main-5/DEBUG] [END] Reloading Section: "reloadable-plugin/FluidSupportProviderImpl/"
[01:47:15] [Worker-Main-5/DEBUG] [END] Reloading Section: "reloadable-plugin/FluidSupportProviderImpl/DefaultPlugin [roughlyenoughitems]/"
[01:47:15] [Worker-Main-5/DEBUG] [END] Reloading Section: "reloadable-plugin/FluidSupportProviderImpl/DefaultPlugin [roughlyenoughitems]/" done in 8.916 μs
[01:47:15] [Worker-Main-5/DEBUG] [END] Reloading Section: "reloadable-plugin/FluidSupportProviderImpl/JEIExtraPlugin [roughlyenoughitems]/"
[01:47:15] [Worker-Main-5/DEBUG] [END] Reloading Section: "reloadable-plugin/FluidSupportProviderImpl/JEIExtraPlugin [roughlyenoughitems]/" done in 8.766 μs
[01:47:15] [Worker-Main-5/DEBUG] [END] Reloading Section: "reloadable-plugin/FluidSupportProviderImpl/DefaultRuntimePlugin [roughlyenoughitems]/"
[01:47:15] [Worker-Main-5/DEBUG] [END] Reloading Section: "reloadable-plugin/FluidSupportProviderImpl/DefaultRuntimePlugin [roughlyenoughitems]/" done in 8.656 μs
[01:47:15] [Worker-Main-5/DEBUG] [END] Reloading Section: "reloadable-plugin/FluidSupportProviderImpl/" done in 409.8 μs
[01:47:15] [Worker-Main-5/DEBUG] [END] Reloading Section: "end-reload/"
[01:47:15] [Worker-Main-5/DEBUG] [END] Reloading Section: "end-reload/EntryTypeRegistryImpl/"
[01:47:15] [Worker-Main-5/DEBUG] [END] Reloading Section: "end-reload/EntryTypeRegistryImpl/" done in 5.610 μs
[01:47:15] [Worker-Main-5/DEBUG] [END] Reloading Section: "end-reload/EntrySettingsAdapterRegistryImpl/"
[01:47:15] [Worker-Main-5/DEBUG] [END] Reloading Section: "end-reload/EntrySettingsAdapterRegistryImpl/" done in 4.809 μs
[01:47:15] [Worker-Main-5/DEBUG] [END] Reloading Section: "end-reload/RecipeManagerContextImpl/"
[01:47:15] [Worker-Main-5/DEBUG] [END] Reloading Section: "end-reload/RecipeManagerContextImpl/" done in 5.140 μs
[01:47:15] [Worker-Main-5/DEBUG] [END] Reloading Section: "end-reload/ItemComparatorRegistryImpl/"
[01:47:15] [Worker-Main-5/DEBUG] [END] Reloading Section: "end-reload/ItemComparatorRegistryImpl/" done in 5.670 μs
[01:47:15] [Worker-Main-5/DEBUG] [END] Reloading Section: "end-reload/FluidComparatorRegistryImpl/"
[01:47:15] [Worker-Main-5/DEBUG] [END] Reloading Section: "end-reload/FluidComparatorRegistryImpl/" done in 4.638 μs
[01:47:15] [Worker-Main-5/DEBUG] [END] Reloading Section: "end-reload/DisplaySerializerRegistryImpl/"
[01:47:15] [Worker-Main-5/DEBUG] [END] Reloading Section: "end-reload/DisplaySerializerRegistryImpl/" done in 4.839 μs
[01:47:15] [Worker-Main-5/DEBUG] [END] Reloading Section: "end-reload/FluidSupportProviderImpl/"
[01:47:15] [Worker-Main-5/DEBUG] [END] Reloading Section: "end-reload/FluidSupportProviderImpl/" done in 4.949 μs
[01:47:15] [Worker-Main-5/DEBUG] [END] Reloading Section: "end-reload/" done in 650.4 μs
[01:47:15] [Worker-Main-5/INFO] Reloaded Plugin Manager [REIPlugin] with 2 entry types, 5 item comparators, 0 fluid comparators and 2 fluid support providers in 67ms.
[01:47:15] [Worker-Main-5/DEBUG] [END] Reloading Section: "start-reload/"
[01:47:15] [Worker-Main-5/DEBUG] [END] Reloading Section: "start-reload/MenuInfoRegistryImpl/"
[01:47:15] [Worker-Main-5/DEBUG] [END] Reloading Section: "start-reload/MenuInfoRegistryImpl/" done in 16.53 μs
[01:47:15] [Worker-Main-5/DEBUG] [END] Reloading Section: "start-reload/" done in 259.4 μs
[01:47:15] [Worker-Main-5/INFO] Reloading Plugin Manager [REIServerPlugin] stage [END], registered 3 plugins: DefaultRuntimePlugin [roughlyenoughitems], JEIExtraPlugin [roughlyenoughitems], DefaultPlugin [roughlyenoughitems]
[01:47:15] [Worker-Main-5/DEBUG] [END] Reloading Section: "reloadable-plugin/MenuInfoRegistryImpl/"
[01:47:15] [Worker-Main-5/DEBUG] [END] Reloading Section: "reloadable-plugin/MenuInfoRegistryImpl/DefaultPlugin [roughlyenoughitems]/"
[01:47:16] [Worker-Main-5/DEBUG] [END] Reloading Section: "reloadable-plugin/MenuInfoRegistryImpl/DefaultPlugin [roughlyenoughitems]/" done in 9.920 ms
[01:47:16] [Worker-Main-5/DEBUG] [END] Reloading Section: "reloadable-plugin/MenuInfoRegistryImpl/JEIExtraPlugin [roughlyenoughitems]/"
[01:47:16] [Worker-Main-5/DEBUG] [END] Reloading Section: "reloadable-plugin/MenuInfoRegistryImpl/JEIExtraPlugin [roughlyenoughitems]/" done in 1.277 ms
[01:47:16] [Worker-Main-5/DEBUG] [END] Reloading Section: "reloadable-plugin/MenuInfoRegistryImpl/DefaultRuntimePlugin [roughlyenoughitems]/"
[01:47:16] [Worker-Main-5/DEBUG] [END] Reloading Section: "reloadable-plugin/MenuInfoRegistryImpl/DefaultRuntimePlugin [roughlyenoughitems]/" done in 14.66 μs
[01:47:16] [Worker-Main-5/DEBUG] [END] Reloading Section: "reloadable-plugin/MenuInfoRegistryImpl/" done in 11.76 ms
[01:47:16] [Worker-Main-5/DEBUG] [END] Reloading Section: "end-reload/"
[01:47:16] [Worker-Main-5/DEBUG] [END] Reloading Section: "end-reload/MenuInfoRegistryImpl/"
[01:47:16] [Worker-Main-5/DEBUG] [END] Reloading Section: "end-reload/MenuInfoRegistryImpl/" done in 7.214 μs
[01:47:16] [Worker-Main-5/DEBUG] [END] Reloading Section: "end-reload/" done in 131.2 μs
[01:47:16] [Worker-Main-5/INFO] Reloaded Plugin Manager [REIServerPlugin] with 5 menu infos in 12ms.
[01:47:16] [Worker-Main-5/DEBUG] [END] Reloading Section: "post-register/"
[01:47:16] [Worker-Main-5/DEBUG] [END] Reloading Section: "post-register/DefaultPlugin [roughlyenoughitems]/"
[01:47:16] [Worker-Main-5/DEBUG] [END] Reloading Section: "post-register/DefaultPlugin [roughlyenoughitems]/" done in 17.75 μs
[01:47:16] [Worker-Main-5/DEBUG] [END] Reloading Section: "post-register/JEIExtraPlugin [roughlyenoughitems]/"
[01:47:16] [Worker-Main-5/DEBUG] [END] Reloading Section: "post-register/JEIExtraPlugin [roughlyenoughitems]/" done in 9.177 μs
[01:47:16] [Worker-Main-5/DEBUG] [END] Reloading Section: "post-register/DefaultRuntimePlugin [roughlyenoughitems]/"
[01:47:16] [Worker-Main-5/DEBUG] [END] Reloading Section: "post-register/DefaultRuntimePlugin [roughlyenoughitems]/" done in 9.237 μs
[01:47:16] [Worker-Main-5/DEBUG] [END] Reloading Section: "post-register/" done in 540.8 μs
[01:47:16] [Worker-Main-5/DEBUG] [END] Reloading Section: "post-register/"
[01:47:16] [Worker-Main-5/DEBUG] [END] Reloading Section: "post-register/DefaultPlugin [roughlyenoughitems]/"
[01:47:16] [Worker-Main-5/DEBUG] [END] Reloading Section: "post-register/DefaultPlugin [roughlyenoughitems]/" done in 11.19 μs
[01:47:16] [Worker-Main-5/DEBUG] [END] Reloading Section: "post-register/JEIExtraPlugin [roughlyenoughitems]/"
[01:47:16] [Worker-Main-5/DEBUG] [END] Reloading Section: "post-register/JEIExtraPlugin [roughlyenoughitems]/" done in 10.20 μs
[01:47:16] [Worker-Main-5/DEBUG] [END] Reloading Section: "post-register/DefaultRuntimePlugin [roughlyenoughitems]/"
[01:47:16] [Worker-Main-5/DEBUG] [END] Reloading Section: "post-register/DefaultRuntimePlugin [roughlyenoughitems]/" done in 8.977 μs
[01:47:16] [Worker-Main-5/DEBUG] [END] Reloading Section: "post-register/" done in 1.057 ms
